生成启动时间为 2015/8/10 23:15:45。
     1>项目“G:\vs2013\edgeDection\边缘检测\边缘检测方法\EdgeDection1\EdgeDection1.vcxproj”在节点 2 上(Build 个目标)。
     1>ClCompile:
         D:\Program Files (x86)\Microsoft Visual Studio 12.0\VC\bin\CL.exe /c /ZI /nologo /W3 /WX- /Od /Oy- /D WIN32 /D _DEBUG /D _CONSOLE /D _LIB /D _UNICODE /D UNICODE /Gm /EHsc /RTC1 /MDd /GS /fp:precise /Zc:wchar_t /Zc:forScope /Fo"Debug\\" /Fd"Debug\vc120.pdb" /Gd /TP /analyze- /errorReport:prompt Source.cpp chistogram.cpp main.cpp
         Source.cpp
     1>g:\vs2013\edgedection\边缘检测\边缘检测方法\edgedection1\source.cpp(24): warning C4244: “初始化”: 从“float”转换到“int”，可能丢失数据
     1>g:\vs2013\edgedection\边缘检测\边缘检测方法\edgedection1\source.cpp(53): warning C4101: “directE”: 未引用的局部变量
     1>g:\vs2013\edgedection\边缘检测\边缘检测方法\edgedection1\source.cpp(53): warning C4101: “deltat”: 未引用的局部变量
     1>g:\vs2013\edgedection\边缘检测\边缘检测方法\edgedection1\source.cpp(194): warning C4101: “indext”: 未引用的局部变量
     1>g:\vs2013\edgedection\边缘检测\边缘检测方法\edgedection1\source.cpp(279): warning C4244: “=”: 从“float”转换到“int”，可能丢失数据
     1>g:\vs2013\edgedection\边缘检测\边缘检测方法\edgedection1\source.cpp(300): warning C4244: “=”: 从“float”转换到“int”，可能丢失数据
     1>g:\vs2013\edgedection\边缘检测\边缘检测方法\edgedection1\source.cpp(406): warning C4800: “int”: 将值强制为布尔值“true”或“false”(性能警告)
     1>g:\vs2013\edgedection\边缘检测\边缘检测方法\edgedection1\source.cpp(476): warning C4244: “=”: 从“float”转换到“int”，可能丢失数据
     1>g:\vs2013\edgedection\边缘检测\边缘检测方法\edgedection1\source.cpp(496): warning C4244: “=”: 从“float”转换到“int”，可能丢失数据
     1>g:\vs2013\edgedection\边缘检测\边缘检测方法\edgedection1\source.cpp(514): warning C4244: “=”: 从“float”转换到“int”，可能丢失数据
     1>g:\vs2013\edgedection\边缘检测\边缘检测方法\edgedection1\source.cpp(412): warning C4101: “pt_same_next6”: 未引用的局部变量
     1>g:\vs2013\edgedection\边缘检测\边缘检测方法\edgedection1\source.cpp(412): warning C4101: “pt_same_next5”: 未引用的局部变量
     1>g:\vs2013\edgedection\边缘检测\边缘检测方法\edgedection1\source.cpp(412): warning C4101: “pt_same_next4”: 未引用的局部变量
     1>g:\vs2013\edgedection\边缘检测\边缘检测方法\edgedection1\source.cpp(655): warning C4018: “<”: 有符号/无符号不匹配
     1>g:\vs2013\edgedection\边缘检测\边缘检测方法\edgedection1\source.cpp(674): warning C4018: “<”: 有符号/无符号不匹配
     1>g:\vs2013\edgedection\边缘检测\边缘检测方法\edgedection1\source.cpp(721): warning C4244: “初始化”: 从“float”转换到“int”，可能丢失数据
     1>g:\vs2013\edgedection\边缘检测\边缘检测方法\edgedection1\source.cpp(826): warning C4018: “<”: 有符号/无符号不匹配
     1>g:\vs2013\edgedection\边缘检测\边缘检测方法\edgedection1\source.cpp(828): warning C4244: “=”: 从“float”转换到“int”，可能丢失数据
     1>g:\vs2013\edgedection\边缘检测\边缘检测方法\edgedection1\source.cpp(831): warning C4244: “=”: 从“int”转换到“float”，可能丢失数据
     1>g:\vs2013\edgedection\边缘检测\边缘检测方法\edgedection1\source.cpp(844): warning C4244: “=”: 从“float”转换到“int”，可能丢失数据
     1>g:\vs2013\edgedection\边缘检测\边缘检测方法\edgedection1\source.cpp(847): warning C4244: “=”: 从“float”转换到“int”，可能丢失数据
     1>g:\vs2013\edgedection\边缘检测\边缘检测方法\edgedection1\source.cpp(853): warning C4018: “<”: 有符号/无符号不匹配
     1>g:\vs2013\edgedection\边缘检测\边缘检测方法\edgedection1\source.cpp(855): warning C4244: “=”: 从“float”转换到“int”，可能丢失数据
     1>g:\vs2013\edgedection\边缘检测\边缘检测方法\edgedection1\source.cpp(858): warning C4244: “=”: 从“int”转换到“float”，可能丢失数据
     1>g:\vs2013\edgedection\边缘检测\边缘检测方法\edgedection1\source.cpp(870): warning C4244: “=”: 从“int”转换到“float”，可能丢失数据
     1>g:\vs2013\edgedection\边缘检测\边缘检测方法\edgedection1\source.cpp(716): warning C4101: “max2”: 未引用的局部变量
     1>g:\vs2013\edgedection\边缘检测\边缘检测方法\edgedection1\source.cpp(716): warning C4101: “max3”: 未引用的局部变量
     1>g:\vs2013\edgedection\边缘检测\边缘检测方法\edgedection1\source.cpp(712): warning C4101: “dTmp”: 未引用的局部变量
     1>g:\vs2013\edgedection\边缘检测\边缘检测方法\edgedection1\source.cpp(1146): warning C4101: “svDir”: 未引用的局部变量
     1>g:\vs2013\edgedection\边缘检测\边缘检测方法\edgedection1\source.cpp(897): warning C4101: “dy”: 未引用的局部变量
     1>g:\vs2013\edgedection\边缘检测\边缘检测方法\edgedection1\source.cpp(904): warning C4101: “y”: 未引用的局部变量
     1>g:\vs2013\edgedection\边缘检测\边缘检测方法\edgedection1\source.cpp(904): warning C4101: “x”: 未引用的局部变量
     1>g:\vs2013\edgedection\边缘检测\边缘检测方法\edgedection1\source.cpp(897): warning C4101: “dx”: 未引用的局部变量
     1>g:\vs2013\edgedection\边缘检测\边缘检测方法\edgedection1\source.cpp(1181): warning C4101: “centPt”: 未引用的局部变量
     1>g:\vs2013\edgedection\边缘检测\边缘检测方法\edgedection1\source.cpp(1181): warning C4101: “ptN8”: 未引用的局部变量
     1>g:\vs2013\edgedection\边缘检测\边缘检测方法\edgedection1\source.cpp(1617): warning C4244: “=”: 从“float”转换到“int”，可能丢失数据
     1>g:\vs2013\edgedection\边缘检测\边缘检测方法\edgedection1\source.cpp(1619): warning C4244: “=”: 从“float”转换到“int”，可能丢失数据
     1>g:\vs2013\edgedection\边缘检测\边缘检测方法\edgedection1\source.cpp(1623): warning C4244: “=”: 从“float”转换到“int”，可能丢失数据
     1>g:\vs2013\edgedection\边缘检测\边缘检测方法\edgedection1\source.cpp(1625): warning C4244: “=”: 从“float”转换到“int”，可能丢失数据
     1>g:\vs2013\edgedection\边缘检测\边缘检测方法\edgedection1\source.cpp(1634): warning C4244: “=”: 从“float”转换到“int”，可能丢失数据
     1>g:\vs2013\edgedection\边缘检测\边缘检测方法\edgedection1\source.cpp(1638): warning C4244: “=”: 从“float”转换到“int”，可能丢失数据
     1>g:\vs2013\edgedection\边缘检测\边缘检测方法\edgedection1\source.cpp(2045): warning C4244: “=”: 从“float”转换到“int”，可能丢失数据
     1>g:\vs2013\edgedection\边缘检测\边缘检测方法\edgedection1\source.cpp(2052): warning C4244: “=”: 从“float”转换到“int”，可能丢失数据
     1>g:\vs2013\edgedection\边缘检测\边缘检测方法\edgedection1\source.cpp(2057): warning C4244: “参数”: 从“int”转换到“const float”，可能丢失数据
     1>g:\vs2013\edgedection\边缘检测\边缘检测方法\edgedection1\source.cpp(2063): warning C4244: “参数”: 从“int”转换到“const float”，可能丢失数据
     1>g:\vs2013\edgedection\边缘检测\边缘检测方法\edgedection1\source.cpp(2068): warning C4244: “参数”: 从“int”转换到“const float”，可能丢失数据
     1>g:\vs2013\edgedection\边缘检测\边缘检测方法\edgedection1\source.cpp(2114): warning C4244: “=”: 从“double”转换到“float”，可能丢失数据
     1>g:\vs2013\edgedection\边缘检测\边缘检测方法\edgedection1\source.cpp(2115): warning C4244: “=”: 从“double”转换到“float”，可能丢失数据
     1>g:\vs2013\edgedection\边缘检测\边缘检测方法\edgedection1\source.cpp(2122): warning C4244: “=”: 从“double”转换到“float”，可能丢失数据
     1>g:\vs2013\edgedection\边缘检测\边缘检测方法\edgedection1\source.cpp(2138): warning C4244: “=”: 从“double”转换到“float”，可能丢失数据
     1>g:\vs2013\edgedection\边缘检测\边缘检测方法\edgedection1\source.cpp(2174): warning C4244: “=”: 从“double”转换到“float”，可能丢失数据
     1>g:\vs2013\edgedection\边缘检测\边缘检测方法\edgedection1\source.cpp(2175): warning C4244: “=”: 从“double”转换到“float”，可能丢失数据
     1>g:\vs2013\edgedection\边缘检测\边缘检测方法\edgedection1\source.cpp(2182): warning C4244: “=”: 从“double”转换到“float”，可能丢失数据
     1>g:\vs2013\edgedection\边缘检测\边缘检测方法\edgedection1\source.cpp(2198): warning C4244: “=”: 从“double”转换到“float”，可能丢失数据
     1>g:\vs2013\edgedection\边缘检测\边缘检测方法\edgedection1\source.cpp(2245): warning C4244: “=”: 从“float”转换到“int”，可能丢失数据
     1>g:\vs2013\edgedection\边缘检测\边缘检测方法\edgedection1\source.cpp(2252): warning C4244: “=”: 从“float”转换到“int”，可能丢失数据
     1>g:\vs2013\edgedection\边缘检测\边缘检测方法\edgedection1\source.cpp(2257): warning C4244: “参数”: 从“int”转换到“const float”，可能丢失数据
     1>g:\vs2013\edgedection\边缘检测\边缘检测方法\edgedection1\source.cpp(2263): warning C4244: “参数”: 从“int”转换到“const float”，可能丢失数据
     1>g:\vs2013\edgedection\边缘检测\边缘检测方法\edgedection1\source.cpp(2268): warning C4244: “参数”: 从“int”转换到“const float”，可能丢失数据
     1>g:\vs2013\edgedection\边缘检测\边缘检测方法\edgedection1\source.cpp(2278): warning C4244: “=”: 从“double”转换到“float”，可能丢失数据
     1>g:\vs2013\edgedection\边缘检测\边缘检测方法\edgedection1\source.cpp(2282): warning C4244: “=”: 从“double”转换到“float”，可能丢失数据
     1>g:\vs2013\edgedection\边缘检测\边缘检测方法\edgedection1\source.cpp(2284): warning C4244: “=”: 从“double”转换到“float”，可能丢失数据
     1>g:\vs2013\edgedection\边缘检测\边缘检测方法\edgedection1\source.cpp(2242): warning C4101: “len1”: 未引用的局部变量
     1>g:\vs2013\edgedection\边缘检测\边缘检测方法\edgedection1\source.cpp(2235): warning C4101: “std3”: 未引用的局部变量
     1>g:\vs2013\edgedection\边缘检测\边缘检测方法\edgedection1\source.cpp(2242): warning C4101: “len2”: 未引用的局部变量
     1>g:\vs2013\edgedection\边缘检测\边缘检测方法\edgedection1\source.cpp(2238): warning C4101: “sum”: 未引用的局部变量
     1>g:\vs2013\edgedection\边缘检测\边缘检测方法\edgedection1\source.cpp(2235): warning C4101: “std2”: 未引用的局部变量
     1>g:\vs2013\edgedection\边缘检测\边缘检测方法\edgedection1\source.cpp(2242): warning C4101: “len3”: 未引用的局部变量
     1>g:\vs2013\edgedection\边缘检测\边缘检测方法\edgedection1\source.cpp(2239): warning C4101: “ave”: 未引用的局部变量
     1>g:\vs2013\edgedection\边缘检测\边缘检测方法\edgedection1\source.cpp(2235): warning C4101: “std1”: 未引用的局部变量
     1>g:\vs2013\edgedection\边缘检测\边缘检测方法\edgedection1\source.cpp(2370): warning C4101: “x11”: 未引用的局部变量
     1>g:\vs2013\edgedection\边缘检测\边缘检测方法\edgedection1\source.cpp(2496): warning C4244: “=”: 从“float”转换到“int”，可能丢失数据
     1>g:\vs2013\edgedection\边缘检测\边缘检测方法\edgedection1\source.cpp(2500): warning C4244: “=”: 从“float”转换到“int”，可能丢失数据
     1>g:\vs2013\edgedection\边缘检测\边缘检测方法\edgedection1\source.cpp(2554): warning C4244: “参数”: 从“time_t”转换到“unsigned int”，可能丢失数据
         正在生成代码...
     1>g:\vs2013\edgedection\边缘检测\边缘检测方法\edgedection1\source.cpp(1409): warning C4715: “lengthAB”: 不是所有的控件路径都返回值
     1>g:\vs2013\edgedection\边缘检测\边缘检测方法\edgedection1\source.cpp(1914): warning C4715: “getIangle”: 不是所有的控件路径都返回值
         正在编译...
         main.cpp
         chistogram.cpp
     1>g:\vs2013\edgedection\边缘检测\边缘检测方法\edgedection1\chistogram.cpp(18): warning C4244: “初始化”: 从“int”转换到“float”，可能丢失数据
         正在生成代码...
       Link:
         D:\Program Files (x86)\Microsoft Visual Studio 12.0\VC\bin\link.exe /ERRORREPORT:PROMPT /OUT:"G:\vs2013\edgeDection\边缘检测\边缘检测方法\边缘检测方法\Debug\EdgeDection1.exe" /INCREMENTAL /NOLOGO opencv_ml249d.lib opencv_calib3d249d.lib opencv_contrib249d.lib opencv_core249d.lib opencv_features2d249d.lib opencv_flann249d.lib opencv_gpu249d.lib opencv_highgui249d.lib opencv_imgproc249d.lib opencv_legacy249d.lib opencv_objdetect249d.lib opencv_ts249d.lib opencv_video249d.lib opencv_nonfree249d.lib opencv_ocl249d.lib opencv_photo249d.lib opencv_stitching249d.lib opencv_superres249d.lib opencv_videostab249d.lib kernel32.lib user32.lib gdi32.lib winspool.lib comdlg32.lib advapi32.lib shell32.lib ole32.lib oleaut32.lib uuid.lib odbc32.lib odbccp32.lib /MANIFEST /MANIFESTUAC:"level='asInvoker' uiAccess='false'" /manifest:embed /DEBUG /PDB:"G:\vs2013\edgeDection\边缘检测\边缘检测方法\边缘检测方法\Debug\EdgeDection1.pdb" /SUBSYSTEM:CONSOLE /STACK:"100000000" /TLBID:1 /DYNAMICBASE /NXCOMPAT /IMPLIB:"G:\vs2013\edgeDection\边缘检测\边缘检测方法\边缘检测方法\Debug\EdgeDection1.lib" /MACHINE:X86 Debug\chistogram.obj
         Debug\main.obj
         Debug\outXls.obj
         Debug\Source.obj
         EdgeDection1.vcxproj -> G:\vs2013\edgeDection\边缘检测\边缘检测方法\边缘检测方法\Debug\EdgeDection1.exe
     1>已完成生成项目“G:\vs2013\edgeDection\边缘检测\边缘检测方法\EdgeDection1\EdgeDection1.vcxproj”(Build 个目标)的操作。

生成成功。

已用时间 00:00:06.42
